2025-09-30 20:33:28,523 - INFO - 程序启动
2025-09-30 20:33:28,525 - INFO - 配置文件加载成功
2025-09-30 20:33:28,908 - INFO - 系统托盘初始化完成
2025-09-30 20:33:30,853 - INFO - 天气线程启动
2025-09-30 20:33:30,853 - INFO - 主窗口显示完成
2025-09-30 20:33:33,622 - INFO - 天气数据获取成功: {'obsTime': '2025-09-30T20:24+08:00', 'temp': '31', 'feelsLike': '34', 'icon': '104', 'text': '阴', 'wind360': '225', 'windDir': '西南风', 'windScale': '2', 'windSpeed': '9', 'humidity': '63', 'precip': '0.0', 'pressure': '1005', 'vis': '30', 'cloud': '91', 'dew': '24', 'location': '113.29,22.81', 'name': '江门'}
2025-09-30 20:33:33,624 - INFO - 天气界面已更新: {'obsTime': '2025-09-30T20:24+08:00', 'temp': '31', 'feelsLike': '34', 'icon': '104', 'text': '阴', 'wind360': '225', 'windDir': '西南风', 'windScale': '2', 'windSpeed': '9', 'humidity': '63', 'precip': '0.0', 'pressure': '1005', 'vis': '30', 'cloud': '91', 'dew': '24', 'location': '113.29,22.81', 'name': '江门'}
2025-09-30 20:33:37,583 - INFO - 预警数据获取成功: [{'id': '10128080120250930115500422494700', 'sender': '顺德区气象台', 'pubTime': '2025-09-30T11:55+08:00', 'title': '顺德区气象台发布高温黄色预警', 'startTime': '2025-09-30T11:55+08:00', 'endTime': '2025-10-01T11:55+08:00', 'status': 'active', 'level': '黄色', 'severity': 'Moderate', 'severityColor': 'Yellow', 'type': '1009', 'typeName': '高温', 'urgency': '', 'certainty': '', 'text': '顺德区气象台2025年9月30日11时55分发布高温黄色预警信号，请注意防暑降温。', 'related': ''}, {'id': '10128080120250930115500486913097', 'sender': '顺德区气象台', 'pubTime': '2025-09-30T11:55+08:00', 'title': '顺德区气象台发布森林火险黄色预警', 'startTime': '2025-09-30T11:55+08:00', 'endTime': '2025-10-01T11:55+08:00', 'status': 'active', 'level': '黄色', 'severity': 'Moderate', 'severityColor': 'Yellow', 'type': '1025', 'typeName': '森林火险', 'urgency': '', 'certainty': '', 'text': '顺德区气象台2025年9月30日11时55分发布森林火险黄色预警信号。请注意家居及工业用火安全和森林防火。', 'related': ''}]
2025-09-30 20:33:37,584 - INFO - 预警更新: [{'certainty': '', 'endTime': '2025-10-01T11:55+08:00', 'id': '10128080120250930115500422494700', 'level': '黄色', 'pubTime': '2025-09-30T11:55+08:00', 'related': '', 'sender': '顺德区气象台', 'severity': 'Moderate', 'severityColor': 'Yellow', 'startTime': '2025-09-30T11:55+08:00', 'status': 'active', 'text': '顺德区气象台2025年9月30日11时55分发布高温黄色预警信号，请注意防暑降温。', 'title': '顺德区气象台发布高温黄色预警', 'type': '1009', 'typeName': '高温', 'urgency': ''}, {'certainty': '', 'endTime': '2025-10-01T11:55+08:00', 'id': '10128080120250930115500486913097', 'level': '黄色', 'pubTime': '2025-09-30T11:55+08:00', 'related': '', 'sender': '顺德区气象台', 'severity': 'Moderate', 'severityColor': 'Yellow', 'startTime': '2025-09-30T11:55+08:00', 'status': 'active', 'text': '顺德区气象台2025年9月30日11时55分发布森林火险黄色预警信号。请注意家居及工业用火安全和森林防火。', 'title': '顺德区气象台发布森林火险黄色预警', 'type': '1025', 'typeName': '森林火险', 'urgency': ''}]
2025-09-30 20:33:37,688 - INFO - 发送预警通知: 高温 级别: 黄色
2025-09-30 20:36:35,919 - INFO - 配置已保存: {'location': '101280801', 'update_interval': 600, 'api_key': '7ab1cc2363ba4f5aa546f9961bb277cf', 'language': 'zh', 'temperature_unit': 'C', 'autostart': True, 'notifications': True, 'theme': 'light'}
2025-09-30 20:36:35,929 - INFO - 天气线程停止
2025-09-30 20:36:37,965 - INFO - 天气线程启动
2025-09-30 20:36:37,999 - INFO - 设置更改已生效，重新初始化天气线程和UI
2025-09-30 20:36:41,478 - INFO - 天气数据获取成功: {'obsTime': '2025-09-30T20:32+08:00', 'temp': '31', 'feelsLike': '34', 'icon': '104', 'text': '阴', 'wind360': '225', 'windDir': '西南风', 'windScale': '2', 'windSpeed': '9', 'humidity': '64', 'precip': '0.0', 'pressure': '1005', 'vis': '30', 'cloud': '91', 'dew': '24', 'location': '101280801', 'name': '江门'}
2025-09-30 20:36:41,479 - INFO - 天气界面已更新: {'obsTime': '2025-09-30T20:32+08:00', 'temp': '31', 'feelsLike': '34', 'icon': '104', 'text': '阴', 'wind360': '225', 'windDir': '西南风', 'windScale': '2', 'windSpeed': '9', 'humidity': '64', 'precip': '0.0', 'pressure': '1005', 'vis': '30', 'cloud': '91', 'dew': '24', 'location': '101280801', 'name': '江门'}
2025-09-30 20:36:44,285 - INFO - 预警数据获取成功: [{'id': '10128080120250930115500422494700', 'sender': '顺德区气象台', 'pubTime': '2025-09-30T11:55+08:00', 'title': '顺德区气象台发布高温黄色预警', 'startTime': '2025-09-30T11:55+08:00', 'endTime': '2025-10-01T11:55+08:00', 'status': 'active', 'level': '黄色', 'severity': 'Moderate', 'severityColor': 'Yellow', 'type': '1009', 'typeName': '高温', 'urgency': '', 'certainty': '', 'text': '顺德区气象台2025年9月30日11时55分发布高温黄色预警信号，请注意防暑降温。', 'related': ''}, {'id': '10128080120250930115500486913097', 'sender': '顺德区气象台', 'pubTime': '2025-09-30T11:55+08:00', 'title': '顺德区气象台发布森林火险黄色预警', 'startTime': '2025-09-30T11:55+08:00', 'endTime': '2025-10-01T11:55+08:00', 'status': 'active', 'level': '黄色', 'severity': 'Moderate', 'severityColor': 'Yellow', 'type': '1025', 'typeName': '森林火险', 'urgency': '', 'certainty': '', 'text': '顺德区气象台2025年9月30日11时55分发布森林火险黄色预警信号。请注意家居及工业用火安全和森林防火。', 'related': ''}]
2025-09-30 20:36:44,286 - INFO - 预警更新: [{'certainty': '', 'endTime': '2025-10-01T11:55+08:00', 'id': '10128080120250930115500422494700', 'level': '黄色', 'pubTime': '2025-09-30T11:55+08:00', 'related': '', 'sender': '顺德区气象台', 'severity': 'Moderate', 'severityColor': 'Yellow', 'startTime': '2025-09-30T11:55+08:00', 'status': 'active', 'text': '顺德区气象台2025年9月30日11时55分发布高温黄色预警信号，请注意防暑降温。', 'title': '顺德区气象台发布高温黄色预警', 'type': '1009', 'typeName': '高温', 'urgency': ''}, {'certainty': '', 'endTime': '2025-10-01T11:55+08:00', 'id': '10128080120250930115500486913097', 'level': '黄色', 'pubTime': '2025-09-30T11:55+08:00', 'related': '', 'sender': '顺德区气象台', 'severity': 'Moderate', 'severityColor': 'Yellow', 'startTime': '2025-09-30T11:55+08:00', 'status': 'active', 'text': '顺德区气象台2025年9月30日11时55分发布森林火险黄色预警信号。请注意家居及工业用火安全和森林防火。', 'title': '顺德区气象台发布森林火险黄色预警', 'type': '1025', 'typeName': '森林火险', 'urgency': ''}]
2025-09-30 20:38:17,953 - INFO - 配置已保存: {'location': '101280801', 'update_interval': 600, 'api_key': '7ab1cc2363ba4f5aa546f9961bb277cf', 'language': 'zh', 'temperature_unit': 'C', 'autostart': True, 'notifications': True, 'theme': 'light'}
2025-09-30 20:38:17,971 - INFO - 天气线程停止
2025-09-30 20:38:20,005 - INFO - 天气线程启动
2025-09-30 20:38:20,018 - INFO - 设置更改已生效，重新初始化天气线程和UI
2025-09-30 20:38:22,012 - INFO - 天气数据获取成功: {'obsTime': '2025-09-30T20:32+08:00', 'temp': '31', 'feelsLike': '34', 'icon': '104', 'text': '阴', 'wind360': '225', 'windDir': '西南风', 'windScale': '2', 'windSpeed': '9', 'humidity': '64', 'precip': '0.0', 'pressure': '1005', 'vis': '30', 'cloud': '91', 'dew': '24', 'location': '101280801', 'name': '江门'}
2025-09-30 20:38:22,013 - INFO - 天气界面已更新: {'obsTime': '2025-09-30T20:32+08:00', 'temp': '31', 'feelsLike': '34', 'icon': '104', 'text': '阴', 'wind360': '225', 'windDir': '西南风', 'windScale': '2', 'windSpeed': '9', 'humidity': '64', 'precip': '0.0', 'pressure': '1005', 'vis': '30', 'cloud': '91', 'dew': '24', 'location': '101280801', 'name': '江门'}
2025-09-30 20:38:24,638 - INFO - 预警数据获取成功: [{'id': '10128080120250930115500422494700', 'sender': '顺德区气象台', 'pubTime': '2025-09-30T11:55+08:00', 'title': '顺德区气象台发布高温黄色预警', 'startTime': '2025-09-30T11:55+08:00', 'endTime': '2025-10-01T11:55+08:00', 'status': 'active', 'level': '黄色', 'severity': 'Moderate', 'severityColor': 'Yellow', 'type': '1009', 'typeName': '高温', 'urgency': '', 'certainty': '', 'text': '顺德区气象台2025年9月30日11时55分发布高温黄色预警信号，请注意防暑降温。', 'related': ''}, {'id': '10128080120250930115500486913097', 'sender': '顺德区气象台', 'pubTime': '2025-09-30T11:55+08:00', 'title': '顺德区气象台发布森林火险黄色预警', 'startTime': '2025-09-30T11:55+08:00', 'endTime': '2025-10-01T11:55+08:00', 'status': 'active', 'level': '黄色', 'severity': 'Moderate', 'severityColor': 'Yellow', 'type': '1025', 'typeName': '森林火险', 'urgency': '', 'certainty': '', 'text': '顺德区气象台2025年9月30日11时55分发布森林火险黄色预警信号。请注意家居及工业用火安全和森林防火。', 'related': ''}]
2025-09-30 20:38:24,640 - INFO - 预警更新: [{'certainty': '', 'endTime': '2025-10-01T11:55+08:00', 'id': '10128080120250930115500422494700', 'level': '黄色', 'pubTime': '2025-09-30T11:55+08:00', 'related': '', 'sender': '顺德区气象台', 'severity': 'Moderate', 'severityColor': 'Yellow', 'startTime': '2025-09-30T11:55+08:00', 'status': 'active', 'text': '顺德区气象台2025年9月30日11时55分发布高温黄色预警信号，请注意防暑降温。', 'title': '顺德区气象台发布高温黄色预警', 'type': '1009', 'typeName': '高温', 'urgency': ''}, {'certainty': '', 'endTime': '2025-10-01T11:55+08:00', 'id': '10128080120250930115500486913097', 'level': '黄色', 'pubTime': '2025-09-30T11:55+08:00', 'related': '', 'sender': '顺德区气象台', 'severity': 'Moderate', 'severityColor': 'Yellow', 'startTime': '2025-09-30T11:55+08:00', 'status': 'active', 'text': '顺德区气象台2025年9月30日11时55分发布森林火险黄色预警信号。请注意家居及工业用火安全和森林防火。', 'title': '顺德区气象台发布森林火险黄色预警', 'type': '1025', 'typeName': '森林火险', 'urgency': ''}]
2025-09-30 20:46:36,436 - INFO - 程序启动
2025-09-30 20:46:36,439 - INFO - 配置文件加载成功
2025-09-30 20:46:36,970 - INFO - 系统托盘初始化完成
2025-09-30 20:46:39,271 - INFO - 天气线程启动
2025-09-30 20:46:39,273 - INFO - 主窗口显示完成
2025-09-30 20:46:42,472 - INFO - 天气数据获取成功: {'obsTime': '2025-09-30T20:40+08:00', 'temp': '31', 'feelsLike': '34', 'icon': '104', 'text': '阴', 'wind360': '180', 'windDir': '南风', 'windScale': '2', 'windSpeed': '7', 'humidity': '64', 'precip': '0.0', 'pressure': '1005', 'vis': '30', 'cloud': '91', 'dew': '24', 'location': '101280801', 'name': '江门'}
2025-09-30 20:46:42,475 - INFO - 天气界面已更新: {'obsTime': '2025-09-30T20:40+08:00', 'temp': '31', 'feelsLike': '34', 'icon': '104', 'text': '阴', 'wind360': '180', 'windDir': '南风', 'windScale': '2', 'windSpeed': '7', 'humidity': '64', 'precip': '0.0', 'pressure': '1005', 'vis': '30', 'cloud': '91', 'dew': '24', 'location': '101280801', 'name': '江门'}
2025-09-30 20:46:45,809 - INFO - 预警数据获取成功: [{'id': '10128080120250930115500422494700', 'sender': '顺德区气象台', 'pubTime': '2025-09-30T11:55+08:00', 'title': '顺德区气象台发布高温黄色预警', 'startTime': '2025-09-30T11:55+08:00', 'endTime': '2025-10-01T11:55+08:00', 'status': 'active', 'level': '黄色', 'severity': 'Moderate', 'severityColor': 'Yellow', 'type': '1009', 'typeName': '高温', 'urgency': '', 'certainty': '', 'text': '顺德区气象台2025年9月30日11时55分发布高温黄色预警信号，请注意防暑降温。', 'related': ''}, {'id': '10128080120250930115500486913097', 'sender': '顺德区气象台', 'pubTime': '2025-09-30T11:55+08:00', 'title': '顺德区气象台发布森林火险黄色预警', 'startTime': '2025-09-30T11:55+08:00', 'endTime': '2025-10-01T11:55+08:00', 'status': 'active', 'level': '黄色', 'severity': 'Moderate', 'severityColor': 'Yellow', 'type': '1025', 'typeName': '森林火险', 'urgency': '', 'certainty': '', 'text': '顺德区气象台2025年9月30日11时55分发布森林火险黄色预警信号。请注意家居及工业用火安全和森林防火。', 'related': ''}]
2025-09-30 20:46:45,814 - INFO - 预警更新: [{'certainty': '', 'endTime': '2025-10-01T11:55+08:00', 'id': '10128080120250930115500422494700', 'level': '黄色', 'pubTime': '2025-09-30T11:55+08:00', 'related': '', 'sender': '顺德区气象台', 'severity': 'Moderate', 'severityColor': 'Yellow', 'startTime': '2025-09-30T11:55+08:00', 'status': 'active', 'text': '顺德区气象台2025年9月30日11时55分发布高温黄色预警信号，请注意防暑降温。', 'title': '顺德区气象台发布高温黄色预警', 'type': '1009', 'typeName': '高温', 'urgency': ''}, {'certainty': '', 'endTime': '2025-10-01T11:55+08:00', 'id': '10128080120250930115500486913097', 'level': '黄色', 'pubTime': '2025-09-30T11:55+08:00', 'related': '', 'sender': '顺德区气象台', 'severity': 'Moderate', 'severityColor': 'Yellow', 'startTime': '2025-09-30T11:55+08:00', 'status': 'active', 'text': '顺德区气象台2025年9月30日11时55分发布森林火险黄色预警信号。请注意家居及工业用火安全和森林防火。', 'title': '顺德区气象台发布森林火险黄色预警', 'type': '1025', 'typeName': '森林火险', 'urgency': ''}]
2025-09-30 20:46:46,086 - INFO - 发送预警通知: 高温 级别: 黄色
2025-09-30 20:46:54,265 - INFO - 应用退出
2025-09-30 20:46:54,265 - INFO - 天气线程停止
2025-09-30 20:47:10,264 - INFO - 程序启动
2025-09-30 20:47:10,265 - INFO - 配置文件加载成功
2025-09-30 20:47:10,534 - INFO - 系统托盘初始化完成
2025-09-30 20:47:12,844 - INFO - 天气线程启动
2025-09-30 20:47:12,846 - INFO - 主窗口显示完成
2025-09-30 20:47:16,740 - INFO - 天气数据获取成功: {'obsTime': '2025-09-30T20:40+08:00', 'temp': '31', 'feelsLike': '34', 'icon': '104', 'text': '阴', 'wind360': '180', 'windDir': '南风', 'windScale': '2', 'windSpeed': '7', 'humidity': '64', 'precip': '0.0', 'pressure': '1005', 'vis': '30', 'cloud': '91', 'dew': '24', 'location': '101280801', 'name': '江门'}
2025-09-30 20:47:16,746 - INFO - 天气界面已更新: {'obsTime': '2025-09-30T20:40+08:00', 'temp': '31', 'feelsLike': '34', 'icon': '104', 'text': '阴', 'wind360': '180', 'windDir': '南风', 'windScale': '2', 'windSpeed': '7', 'humidity': '64', 'precip': '0.0', 'pressure': '1005', 'vis': '30', 'cloud': '91', 'dew': '24', 'location': '101280801', 'name': '江门'}
2025-09-30 20:47:19,420 - INFO - 预警数据获取成功: [{'id': '10128080120250930115500422494700', 'sender': '顺德区气象台', 'pubTime': '2025-09-30T11:55+08:00', 'title': '顺德区气象台发布高温黄色预警', 'startTime': '2025-09-30T11:55+08:00', 'endTime': '2025-10-01T11:55+08:00', 'status': 'active', 'level': '黄色', 'severity': 'Moderate', 'severityColor': 'Yellow', 'type': '1009', 'typeName': '高温', 'urgency': '', 'certainty': '', 'text': '顺德区气象台2025年9月30日11时55分发布高温黄色预警信号，请注意防暑降温。', 'related': ''}, {'id': '10128080120250930115500486913097', 'sender': '顺德区气象台', 'pubTime': '2025-09-30T11:55+08:00', 'title': '顺德区气象台发布森林火险黄色预警', 'startTime': '2025-09-30T11:55+08:00', 'endTime': '2025-10-01T11:55+08:00', 'status': 'active', 'level': '黄色', 'severity': 'Moderate', 'severityColor': 'Yellow', 'type': '1025', 'typeName': '森林火险', 'urgency': '', 'certainty': '', 'text': '顺德区气象台2025年9月30日11时55分发布森林火险黄色预警信号。请注意家居及工业用火安全和森林防火。', 'related': ''}]
2025-09-30 20:47:19,422 - INFO - 预警更新: [{'certainty': '', 'endTime': '2025-10-01T11:55+08:00', 'id': '10128080120250930115500422494700', 'level': '黄色', 'pubTime': '2025-09-30T11:55+08:00', 'related': '', 'sender': '顺德区气象台', 'severity': 'Moderate', 'severityColor': 'Yellow', 'startTime': '2025-09-30T11:55+08:00', 'status': 'active', 'text': '顺德区气象台2025年9月30日11时55分发布高温黄色预警信号，请注意防暑降温。', 'title': '顺德区气象台发布高温黄色预警', 'type': '1009', 'typeName': '高温', 'urgency': ''}, {'certainty': '', 'endTime': '2025-10-01T11:55+08:00', 'id': '10128080120250930115500486913097', 'level': '黄色', 'pubTime': '2025-09-30T11:55+08:00', 'related': '', 'sender': '顺德区气象台', 'severity': 'Moderate', 'severityColor': 'Yellow', 'startTime': '2025-09-30T11:55+08:00', 'status': 'active', 'text': '顺德区气象台2025年9月30日11时55分发布森林火险黄色预警信号。请注意家居及工业用火安全和森林防火。', 'title': '顺德区气象台发布森林火险黄色预警', 'type': '1025', 'typeName': '森林火险', 'urgency': ''}]
2025-09-30 20:47:19,509 - INFO - 发送预警通知: 高温 级别: 黄色
