2025-10-06 17:50:28,519 - INFO - [ClassBroom] 成功读取配置文件
2025-10-06 17:50:28,520 - INFO - [ClassBroom] 进程启动
2025-10-06 17:50:28,794 - INFO - [ClassBroom] 系统托盘初始化完成
2025-10-06 17:50:31,736 - INFO - [ClassBroom] 窗口已展开
2025-10-06 17:50:32,685 - ERROR - [ClassBroom] TextDisplay 启动失败: unterminated string literal (detected at line 11) (main.py, line 11)
2025-10-06 17:50:33,655 - INFO - [ClassBroom] 窗口已收起
2025-10-06 17:50:36,653 - INFO - [ClassBroom] 窗口已展开
2025-10-06 17:50:37,047 - INFO - [ClassBroom] 窗口已收起
2025-10-06 17:51:22,856 - INFO - [ClassBroom] 进程退出
2025-10-06 17:52:24,161 - INFO - [ClassBroom] 成功读取配置文件
2025-10-06 17:52:24,162 - INFO - [ClassBroom] 进程启动
2025-10-06 17:52:24,288 - INFO - [ClassBroom] 系统托盘初始化完成
2025-10-06 17:52:25,829 - INFO - [ClassBroom] 窗口已展开
2025-10-06 17:52:26,531 - INFO - [ClassBroom] TextDisplay 已启动
2025-10-06 17:52:26,805 - INFO - [ClassBroom] 窗口已收起
2025-10-06 17:52:28,644 - INFO - [TextDisplay] 开始保存配置
2025-10-06 17:52:28,645 - ERROR - [TextDisplay] 保存配置失败: 'textdisplay'
2025-10-06 17:52:45,663 - INFO - [ClassBroom] 窗口已展开
2025-10-06 17:52:46,318 - INFO - [ClassBroom] TextDisplay 已启动
2025-10-06 17:52:46,570 - INFO - [ClassBroom] 窗口已收起
2025-10-06 17:52:47,338 - INFO - [TextDisplay] 开始保存配置
2025-10-06 17:52:47,339 - ERROR - [TextDisplay] 保存配置失败: 'textdisplay'
2025-10-06 17:55:06,759 - INFO - [ClassBroom] 窗口已展开
2025-10-06 17:55:07,424 - INFO - [ClassBroom] 窗口已收起
2025-10-06 17:55:11,502 - INFO - [ClassBroom] 进程退出
2025-10-06 18:01:33,324 - INFO - [ClassBroom] 成功读取配置文件
2025-10-06 18:01:33,325 - INFO - [ClassBroom] 进程启动
2025-10-06 18:01:33,626 - INFO - [ClassBroom] 系统托盘初始化完成
2025-10-06 18:02:56,360 - INFO - [ClassBroom] 窗口已展开
2025-10-06 18:02:57,867 - INFO - [ClassBroom] TextDisplay 已启动
2025-10-06 18:03:02,171 - INFO - [ClassBroom] 窗口已收起
2025-10-06 18:03:05,491 - INFO - [TextDisplay] 开始保存配置
2025-10-06 18:03:05,494 - INFO - [TextDisplay] 保存配置成功
2025-10-06 18:03:05,703 - INFO - [ClassBroom] 窗口已展开
2025-10-06 18:03:06,323 - INFO - [ClassBroom] TextDisplay 已启动
2025-10-06 18:03:06,552 - INFO - [ClassBroom] 窗口已收起
2025-10-06 18:03:07,295 - INFO - [TextDisplay] 开始保存配置
2025-10-06 18:03:07,297 - INFO - [TextDisplay] 保存配置成功
2025-10-06 18:03:09,463 - INFO - [ClassBroom] 进程退出
